Base path: C:/Program Files/Unity/Editor/Data
Pipe name: \\.\pipe\UnityShaderCompiler-64bit-1-5068
Cmd: getPlatforms
Cmd: preprocess
  insize=525518 outsize=525518 ok=1
Cmd: preprocess
  insize=496638 outsize=496638 ok=1
Cmd: preprocess
  insize=1287 outsize=1287 ok=1
Cmd: preprocess
  insize=508535 outsize=508535 ok=1
Cmd: preprocess
  insize=1141 outsize=1141 ok=1
Cmd: preprocess
  insize=1340 outsize=1340 ok=1
Cmd: preprocess
  insize=994 outsize=994 ok=1
Cmd: preprocess
  insize=357627 outsize=357627 ok=1
Cmd: preprocess
  insize=263 outsize=263 ok=1
Cmd: preprocess
  insize=479249 outsize=479249 ok=1
Cmd: preprocess
  insize=522761 outsize=522761 ok=1
Cmd: preprocess
  insize=640 outsize=1627 ok=1
Cmd: compileSnippet
  api=4 type=0 insize=7015 outsize=3663 kw=DIRECTIONAL SHADOWS_OFF LIGHTMAP_OFF DIRLIGHTMAP_OFF DYNAMICLIGHTMAP_OFF ok=1
Cmd: compileSnippet
  api=4 type=1 insize=7015 outsize=1314 kw=DIRECTIONAL SHADOWS_OFF LIGHTMAP_OFF DIRLIGHTMAP_OFF DYNAMICLIGHTMAP_OFF ok=1
Cmd: compileSnippet
  api=4 type=0 insize=3810 outsize=2753 kw=POINT ok=1
Cmd: compileSnippet
  api=4 type=1 insize=3810 outsize=1948 kw=POINT ok=1
Cmd: compileSnippet
  api=4 type=0 insize=2882 outsize=2533 kw= ok=1
Cmd: compileSnippet
  api=4 type=1 insize=2882 outsize=697 kw= ok=1
Cmd: compileSnippet
  api=4 type=0 insize=5928 outsize=4077 kw=LIGHTMAP_OFF DIRLIGHTMAP_OFF DYNAMICLIGHTMAP_OFF HDR_LIGHT_PREPASS_OFF ok=1
Cmd: compileSnippet
  api=4 type=1 insize=5928 outsize=1363 kw=LIGHTMAP_OFF DIRLIGHTMAP_OFF DYNAMICLIGHTMAP_OFF HDR_LIGHT_PREPASS_OFF ok=1
Cmd: compileSnippet
  api=4 type=0 insize=6133 outsize=3801 kw=LIGHTMAP_OFF DIRLIGHTMAP_OFF DYNAMICLIGHTMAP_OFF HDR_LIGHT_PREPASS_OFF ok=1
Cmd: compileSnippet
  api=4 type=1 insize=6133 outsize=1672 kw=LIGHTMAP_OFF DIRLIGHTMAP_OFF DYNAMICLIGHTMAP_OFF HDR_LIGHT_PREPASS_OFF ok=1
Cmd: compileSnippet
  api=4 type=0 insize=3073 outsize=2484 kw= ok=1
Cmd: compileSnippet
  api=4 type=1 insize=3073 outsize=1314 kw= ok=1
Cmd: preprocess
  insize=1069 outsize=1069 ok=1
Cmd: preprocess
  insize=1175 outsize=1175 ok=1
Cmd: preprocess
  insize=1147 outsize=1147 ok=1
Cmd: preprocess
  insize=539066 outsize=539066 ok=1
Cmd: preprocess
  insize=1309 outsize=1309 ok=1
Cmd: preprocess
  insize=357058 outsize=357058 ok=1
Cmd: preprocess
  insize=959 outsize=959 ok=1
Cmd: preprocess
  insize=327681 outsize=327681 ok=1
Cmd: preprocess
  insize=337558 outsize=337558 ok=1
Cmd: preprocess
  insize=1418 outsize=1418 ok=1
Cmd: preprocess
  insize=1065 outsize=1065 ok=1
Cmd: preprocess
  insize=347969 outsize=347969 ok=1
Cmd: preprocess
  insize=1076 outsize=1076 ok=1
Cmd: preprocess
  insize=321645 outsize=321645 ok=1
Cmd: preprocess
  insize=366083 outsize=366083 ok=1
Cmd: preprocess
  insize=1030 outsize=1030 ok=1
Cmd: preprocess
  insize=757 outsize=757 ok=1
Cmd: preprocess
  insize=474196 outsize=474196 ok=1
Cmd: compileSnippet
  api=4 type=0 insize=797 outsize=3776 kw=SHADOWS_DEPTH ok=1
Cmd: compileSnippet
  api=4 type=1 insize=797 outsize=908 kw=SHADOWS_DEPTH ok=1
Cmd: compileSnippet
  api=4 type=0 insize=7308 outsize=4873 kw=DIRECTIONAL SHADOWS_OFF LIGHTMAP_OFF DIRLIGHTMAP_OFF DYNAMICLIGHTMAP_OFF ok=1
Cmd: compileSnippet
  api=4 type=1 insize=7308 outsize=2233 kw=DIRECTIONAL SHADOWS_OFF LIGHTMAP_OFF DIRLIGHTMAP_OFF DYNAMICLIGHTMAP_OFF ok=1
Cmd: compileSnippet
  api=4 type=0 insize=4732 outsize=3955 kw=DIRECTIONAL ok=1
Cmd: compileSnippet
  api=4 type=1 insize=4732 outsize=2135 kw=DIRECTIONAL ok=1
Cmd: compileSnippet
  api=4 type=0 insize=577 outsize=3533 kw=SHADOWS_DEPTH ok=1
Cmd: compileSnippet
  api=4 type=1 insize=577 outsize=453 kw=SHADOWS_DEPTH ok=1
Cmd: compileSnippet
  api=4 type=0 insize=6800 outsize=3663 kw=DIRECTIONAL SHADOWS_OFF LIGHTMAP_OFF DIRLIGHTMAP_OFF DYNAMICLIGHTMAP_OFF ok=1
Cmd: compileSnippet
  api=4 type=1 insize=6800 outsize=1249 kw=DIRECTIONAL SHADOWS_OFF LIGHTMAP_OFF DIRLIGHTMAP_OFF DYNAMICLIGHTMAP_OFF ok=1
Cmd: compileSnippet
  api=4 type=0 insize=6731 outsize=3663 kw=DIRECTIONAL LIGHTMAP_OFF DIRLIGHTMAP_OFF DYNAMICLIGHTMAP_OFF ok=1
Cmd: compileSnippet
  api=4 type=1 insize=6731 outsize=1314 kw=DIRECTIONAL LIGHTMAP_OFF DIRLIGHTMAP_OFF DYNAMICLIGHTMAP_OFF ok=1
Cmd: compileSnippet
  api=4 type=0 insize=3569 outsize=2753 kw=DIRECTIONAL ok=1
Cmd: compileSnippet
  api=4 type=1 insize=3569 outsize=1168 kw=DIRECTIONAL ok=1
Cmd: compileSnippet
  api=4 type=0 insize=959 outsize=1087 kw= ok=1
Cmd: compileSnippet
  api=4 type=1 insize=959 outsize=616 kw= ok=1
Cmd: compileSnippet
  api=4 type=0 insize=1004 outsize=4629 kw=SHADOWS_DEPTH ok=1
Cmd: compileSnippet
  api=4 type=1 insize=1004 outsize=884 kw=SHADOWS_DEPTH ok=1
Cmd: compileSnippet
  api=4 type=0 insize=631 outsize=4264 kw= ok=1
Cmd: compileSnippet
  api=4 type=1 insize=631 outsize=989 kw= ok=1
Cmd: compileSnippet
  api=4 type=0 insize=794 outsize=4402 kw=SHADOWS_DEPTH ok=1
Cmd: compileSnippet
  api=4 type=1 insize=794 outsize=453 kw=SHADOWS_DEPTH ok=1
Cmd: compileSnippet
  api=4 type=0 insize=619 outsize=4231 kw= ok=1
Cmd: compileSnippet
  api=4 type=1 insize=619 outsize=803 kw= ok=1
Cmd: compileSnippet
  api=4 type=0 insize=2088 outsize=8984 kw=DIRECTIONAL SHADOWS_OFF LIGHTMAP_OFF DIRLIGHTMAP_OFF DYNAMICLIGHTMAP_OFF ok=1
Cmd: compileSnippet
  api=4 type=1 insize=2088 outsize=998 kw=DIRECTIONAL SHADOWS_OFF LIGHTMAP_OFF DIRLIGHTMAP_OFF DYNAMICLIGHTMAP_OFF ok=1
Cmd: compileSnippet
  api=4 type=0 insize=1705 outsize=1290 kw=SOFTPARTICLES_OFF ok=1
Cmd: compileSnippet
  api=4 type=1 insize=1705 outsize=924 kw=SOFTPARTICLES_OFF ok=1
Cmd: compileSnippet
  api=4 type=0 insize=3810 outsize=2753 kw=DIRECTIONAL ok=1
Cmd: compileSnippet
  api=4 type=1 insize=3810 outsize=1168 kw=DIRECTIONAL ok=1
Cmd: compileSnippet
  api=4 type=0 insize=1705 outsize=2038 kw=SOFTPARTICLES_ON ok=1
Cmd: compileSnippet
  api=4 type=1 insize=1705 outsize=1615 kw=SOFTPARTICLES_ON ok=1
Cmd: compileSnippet
  api=4 type=0 insize=7015 outsize=4053 kw=DIRECTIONAL SHADOWS_SCREEN LIGHTMAP_OFF DIRLIGHTMAP_OFF DYNAMICLIGHTMAP_OFF ok=1
Cmd: compileSnippet
  api=4 type=1 insize=7015 outsize=1631 kw=DIRECTIONAL SHADOWS_SCREEN LIGHTMAP_OFF DIRLIGHTMAP_OFF DYNAMICLIGHTMAP_OFF ok=1
Cmd: compileSnippet
  api=4 type=0 insize=7308 outsize=5263 kw=DIRECTIONAL SHADOWS_SCREEN LIGHTMAP_OFF DIRLIGHTMAP_OFF DYNAMICLIGHTMAP_OFF ok=1
Cmd: compileSnippet
  api=4 type=1 insize=7308 outsize=2549 kw=DIRECTIONAL SHADOWS_SCREEN LIGHTMAP_OFF DIRLIGHTMAP_OFF DYNAMICLIGHTMAP_OFF ok=1
Cmd: compileSnippet
  api=4 type=0 insize=6800 outsize=4053 kw=DIRECTIONAL SHADOWS_SCREEN LIGHTMAP_OFF DIRLIGHTMAP_OFF DYNAMICLIGHTMAP_OFF ok=1
Cmd: compileSnippet
  api=4 type=1 insize=6800 outsize=1566 kw=DIRECTIONAL SHADOWS_SCREEN LIGHTMAP_OFF DIRLIGHTMAP_OFF DYNAMICLIGHTMAP_OFF ok=1
Cmd: compileSnippet
  api=4 type=0 insize=3962 outsize=4597 kw= ok=1
Cmd: compileSnippet
  api=4 type=1 insize=3962 outsize=1591 kw= ok=1
Cmd: compileSnippet
  api=4 type=0 insize=7308 outsize=4288 kw=DIRECTIONAL SHADOWS_OFF LIGHTMAP_OFF DIRLIGHTMAP_COMBINED DYNAMICLIGHTMAP_ON ok=1
Cmd: compileSnippet
  api=4 type=1 insize=7308 outsize=3045 kw=DIRECTIONAL SHADOWS_OFF LIGHTMAP_OFF DIRLIGHTMAP_COMBINED DYNAMICLIGHTMAP_ON ok=1
Cmd: compileSnippet
  api=4 type=0 insize=7308 outsize=4678 kw=DIRECTIONAL SHADOWS_SCREEN LIGHTMAP_OFF DIRLIGHTMAP_COMBINED DYNAMICLIGHTMAP_ON ok=1
Cmd: compileSnippet
  api=4 type=1 insize=7308 outsize=3362 kw=DIRECTIONAL SHADOWS_SCREEN LIGHTMAP_OFF DIRLIGHTMAP_COMBINED DYNAMICLIGHTMAP_ON ok=1
Cmd: compileSnippet
  api=4 type=0 insize=70500 outsize=5206 kw=DIRECTIONAL SHADOWS_SCREEN LIGHTMAP_ON DIRLIGHTMAP_COMBINED DYNAMICLIGHTMAP_ON ok=1
Cmd: compileSnippet
  api=4 type=1 insize=70500 outsize=10390 kw=DIRECTIONAL SHADOWS_SCREEN LIGHTMAP_ON DIRLIGHTMAP_COMBINED DYNAMICLIGHTMAP_ON ok=1
Cmd: compileSnippet
  api=4 type=0 insize=70500 outsize=4816 kw=DIRECTIONAL SHADOWS_OFF LIGHTMAP_ON DIRLIGHTMAP_COMBINED DYNAMICLIGHTMAP_ON ok=1
Cmd: compileSnippet
  api=4 type=1 insize=70500 outsize=9903 kw=DIRECTIONAL SHADOWS_OFF LIGHTMAP_ON DIRLIGHTMAP_COMBINED DYNAMICLIGHTMAP_ON ok=1
Cmd: compileSnippet
  api=4 type=0 insize=7308 outsize=4337 kw=DIRECTIONAL SHADOWS_OFF LIGHTMAP_ON DIRLIGHTMAP_COMBINED DYNAMICLIGHTMAP_ON ok=1
Cmd: compileSnippet
  api=4 type=1 insize=7308 outsize=3622 kw=DIRECTIONAL SHADOWS_OFF LIGHTMAP_ON DIRLIGHTMAP_COMBINED DYNAMICLIGHTMAP_ON ok=1
Cmd: compileSnippet
  api=4 type=0 insize=7308 outsize=4727 kw=DIRECTIONAL SHADOWS_SCREEN LIGHTMAP_ON DIRLIGHTMAP_COMBINED DYNAMICLIGHTMAP_ON ok=1
Cmd: compileSnippet
  api=4 type=1 insize=7308 outsize=4109 kw=DIRECTIONAL SHADOWS_SCREEN LIGHTMAP_ON DIRLIGHTMAP_COMBINED DYNAMICLIGHTMAP_ON ok=1
